2020-05-01 15:03:24,605 [Worker-0: Loading available Gradle versions] INFO  o.e.b.c.i.u.g.PublishedGradleVersions - Gradle version information cache is up-to-date. Trying to read.
2020-05-01 15:04:50,387 [Worker-2: Import Getting Started Content] INFO  o.e.m.c.i.l.LifecycleMappingFactory - Using org.eclipse.m2e.jdt.JarLifecycleMapping lifecycle mapping for MavenProject: com.cg.iter:movie-catalog-service:0.0.1-SNAPSHOT @ D:\Capgemini\PracticalLabs\MicroServices\movie-catalog-service\pom.xml.
2020-05-01 15:04:54,096 [Worker-2: Import Getting Started Content] INFO  o.e.m.j.i.AbstractJavaProjectConfigurator - Adding source folder /movie-catalog-service/src/main/java
2020-05-01 15:04:54,097 [Worker-2: Import Getting Started Content] INFO  o.e.m.j.i.AbstractJavaProjectConfigurator - Adding resource folder /movie-catalog-service/src/main/resources
2020-05-01 15:04:54,110 [Worker-2: Import Getting Started Content] INFO  o.e.m.j.i.AbstractJavaProjectConfigurator - Adding resource folder /movie-catalog-service/src/main/resources
2020-05-01 15:04:54,137 [Worker-2: Import Getting Started Content] INFO  o.e.m.j.i.AbstractJavaProjectConfigurator - Adding source folder /movie-catalog-service/src/test/java
2020-05-01 15:04:55,920 [Worker-2: Import Getting Started Content] INFO  o.e.m.c.i.p.ProjectConfigurationManager - Imported and configured 1 project(s) in 8 sec
2020-05-01 15:04:55,927 [Worker-2: Import Getting Started Content] INFO  o.e.m.c.i.p.ProjectConfigurationManager - Update started
2020-05-01 15:04:57,205 [Worker-2: Import Getting Started Content] INFO  o.e.m.c.i.l.LifecycleMappingFactory - Using org.eclipse.m2e.jdt.JarLifecycleMapping lifecycle mapping for MavenProject: com.cg.iter:movie-catalog-service:0.0.1-SNAPSHOT @ D:\Capgemini\PracticalLabs\MicroServices\movie-catalog-service\pom.xml.
2020-05-01 15:04:58,938 [Worker-2: Import Getting Started Content] INFO  o.e.m.j.i.AbstractJavaProjectConfigurator - Adding source folder /movie-catalog-service/src/main/java
2020-05-01 15:04:58,938 [Worker-2: Import Getting Started Content] INFO  o.e.m.j.i.AbstractJavaProjectConfigurator - Adding resource folder /movie-catalog-service/src/main/resources
2020-05-01 15:04:58,939 [Worker-2: Import Getting Started Content] INFO  o.e.m.j.i.AbstractJavaProjectConfigurator - Adding resource folder /movie-catalog-service/src/main/resources
2020-05-01 15:04:58,940 [Worker-2: Import Getting Started Content] INFO  o.e.m.j.i.AbstractJavaProjectConfigurator - Adding source folder /movie-catalog-service/src/test/java
2020-05-01 15:04:59,648 [Worker-2: Import Getting Started Content] INFO  o.e.m.c.i.p.ProjectConfigurationManager - Update completed: 3 sec
2020-05-01 15:05:01,463 [Worker-3: Building] INFO  o.e.m.c.i.embedder.EclipseLogger - Using 'UTF-8' encoding to copy filtered resources.
2020-05-01 15:05:01,471 [Worker-3: Building] INFO  o.e.m.c.i.embedder.EclipseLogger - Copying 1 resource
2020-05-01 15:05:01,493 [Worker-3: Building] INFO  o.e.m.c.i.embedder.EclipseLogger - Copying 0 resource
2020-05-01 15:05:01,498 [Worker-3: Building] INFO  o.e.m.c.i.embedder.EclipseLogger - Using 'UTF-8' encoding to copy filtered resources.
2020-05-01 15:05:01,498 [Worker-3: Building] INFO  o.e.m.c.i.embedder.EclipseLogger - skip non existing resourceDirectory D:\Capgemini\PracticalLabs\MicroServices\movie-catalog-service\src\test\resources
2020-05-01 15:06:07,298 [Worker-7: Building] INFO  o.e.m.c.i.embedder.EclipseLogger - Using 'UTF-8' encoding to copy filtered resources.
2020-05-01 15:06:07,303 [Worker-7: Building] INFO  o.e.m.c.i.embedder.EclipseLogger - Copying 1 resource
2020-05-01 15:06:07,328 [Worker-7: Building] INFO  o.e.m.c.i.embedder.EclipseLogger - Copying 0 resource
2020-05-01 15:06:07,333 [Worker-7: Building] INFO  o.e.m.c.i.embedder.EclipseLogger - Using 'UTF-8' encoding to copy filtered resources.
2020-05-01 15:06:07,334 [Worker-7: Building] INFO  o.e.m.c.i.embedder.EclipseLogger - skip non existing resourceDirectory D:\Capgemini\PracticalLabs\MicroServices\movie-catalog-service\src\test\resources
2020-05-01 15:08:22,418 [Worker-1: Import Getting Started Content] INFO  o.e.m.c.i.l.LifecycleMappingFactory - Using org.eclipse.m2e.jdt.JarLifecycleMapping lifecycle mapping for MavenProject: com.cg.iter:movie-info-service:0.0.1-SNAPSHOT @ D:\Capgemini\PracticalLabs\MicroServices\movie-info-service\pom.xml.
2020-05-01 15:08:23,848 [Worker-1: Import Getting Started Content] INFO  o.e.m.j.i.AbstractJavaProjectConfigurator - Adding source folder /movie-info-service/src/main/java
2020-05-01 15:08:23,849 [Worker-1: Import Getting Started Content] INFO  o.e.m.j.i.AbstractJavaProjectConfigurator - Adding resource folder /movie-info-service/src/main/resources
2020-05-01 15:08:23,873 [Worker-1: Import Getting Started Content] INFO  o.e.m.j.i.AbstractJavaProjectConfigurator - Adding resource folder /movie-info-service/src/main/resources
2020-05-01 15:08:23,923 [Worker-1: Import Getting Started Content] INFO  o.e.m.j.i.AbstractJavaProjectConfigurator - Adding source folder /movie-info-service/src/test/java
2020-05-01 15:08:24,773 [Worker-1: Import Getting Started Content] INFO  o.e.m.c.i.p.ProjectConfigurationManager - Imported and configured 1 project(s) in 3 sec
2020-05-01 15:08:24,776 [Worker-1: Import Getting Started Content] INFO  o.e.m.c.i.p.ProjectConfigurationManager - Update started
2020-05-01 15:08:25,260 [Worker-1: Import Getting Started Content] INFO  o.e.m.c.i.l.LifecycleMappingFactory - Using org.eclipse.m2e.jdt.JarLifecycleMapping lifecycle mapping for MavenProject: com.cg.iter:movie-info-service:0.0.1-SNAPSHOT @ D:\Capgemini\PracticalLabs\MicroServices\movie-info-service\pom.xml.
2020-05-01 15:08:26,606 [Worker-1: Import Getting Started Content] INFO  o.e.m.j.i.AbstractJavaProjectConfigurator - Adding source folder /movie-info-service/src/main/java
2020-05-01 15:08:26,607 [Worker-1: Import Getting Started Content] INFO  o.e.m.j.i.AbstractJavaProjectConfigurator - Adding resource folder /movie-info-service/src/main/resources
2020-05-01 15:08:26,610 [Worker-1: Import Getting Started Content] INFO  o.e.m.j.i.AbstractJavaProjectConfigurator - Adding resource folder /movie-info-service/src/main/resources
2020-05-01 15:08:26,617 [Worker-1: Import Getting Started Content] INFO  o.e.m.j.i.AbstractJavaProjectConfigurator - Adding source folder /movie-info-service/src/test/java
2020-05-01 15:08:27,068 [Worker-1: Import Getting Started Content] INFO  o.e.m.c.i.p.ProjectConfigurationManager - Update completed: 2 sec
2020-05-01 15:08:28,386 [Worker-10: Building] INFO  o.e.m.c.i.embedder.EclipseLogger - Using 'UTF-8' encoding to copy filtered resources.
2020-05-01 15:08:28,387 [Worker-10: Building] INFO  o.e.m.c.i.embedder.EclipseLogger - Copying 1 resource
2020-05-01 15:08:28,389 [Worker-10: Building] INFO  o.e.m.c.i.embedder.EclipseLogger - Copying 0 resource
2020-05-01 15:08:28,396 [Worker-10: Building] INFO  o.e.m.c.i.embedder.EclipseLogger - Using 'UTF-8' encoding to copy filtered resources.
2020-05-01 15:08:28,396 [Worker-10: Building] INFO  o.e.m.c.i.embedder.EclipseLogger - skip non existing resourceDirectory D:\Capgemini\PracticalLabs\MicroServices\movie-info-service\src\test\resources
2020-05-01 15:09:05,818 [Worker-9: Building] INFO  o.e.m.c.i.embedder.EclipseLogger - Using 'UTF-8' encoding to copy filtered resources.
2020-05-01 15:09:05,819 [Worker-9: Building] INFO  o.e.m.c.i.embedder.EclipseLogger - Copying 1 resource
2020-05-01 15:09:05,835 [Worker-9: Building] INFO  o.e.m.c.i.embedder.EclipseLogger - Copying 0 resource
2020-05-01 15:09:05,838 [Worker-9: Building] INFO  o.e.m.c.i.embedder.EclipseLogger - Using 'UTF-8' encoding to copy filtered resources.
2020-05-01 15:09:05,838 [Worker-9: Building] INFO  o.e.m.c.i.embedder.EclipseLogger - skip non existing resourceDirectory D:\Capgemini\PracticalLabs\MicroServices\movie-info-service\src\test\resources
2020-05-01 15:10:55,195 [Worker-10: Import Getting Started Content] INFO  o.e.m.c.i.l.LifecycleMappingFactory - Using org.eclipse.m2e.jdt.JarLifecycleMapping lifecycle mapping for MavenProject: com.cg.iter:ratings-data-service:0.0.1-SNAPSHOT @ D:\Capgemini\PracticalLabs\MicroServices\ratings-data-service\pom.xml.
2020-05-01 15:10:56,393 [Worker-10: Import Getting Started Content] INFO  o.e.m.j.i.AbstractJavaProjectConfigurator - Adding source folder /ratings-data-service/src/main/java
2020-05-01 15:10:56,394 [Worker-10: Import Getting Started Content] INFO  o.e.m.j.i.AbstractJavaProjectConfigurator - Adding resource folder /ratings-data-service/src/main/resources
2020-05-01 15:10:56,403 [Worker-10: Import Getting Started Content] INFO  o.e.m.j.i.AbstractJavaProjectConfigurator - Adding resource folder /ratings-data-service/src/main/resources
2020-05-01 15:10:56,419 [Worker-10: Import Getting Started Content] INFO  o.e.m.j.i.AbstractJavaProjectConfigurator - Adding source folder /ratings-data-service/src/test/java
2020-05-01 15:10:56,951 [Worker-10: Import Getting Started Content] INFO  o.e.m.c.i.p.ProjectConfigurationManager - Imported and configured 1 project(s) in 2 sec
2020-05-01 15:10:56,953 [Worker-10: Import Getting Started Content] INFO  o.e.m.c.i.p.ProjectConfigurationManager - Update started
2020-05-01 15:10:57,487 [Worker-10: Import Getting Started Content] INFO  o.e.m.c.i.l.LifecycleMappingFactory - Using org.eclipse.m2e.jdt.JarLifecycleMapping lifecycle mapping for MavenProject: com.cg.iter:ratings-data-service:0.0.1-SNAPSHOT @ D:\Capgemini\PracticalLabs\MicroServices\ratings-data-service\pom.xml.
2020-05-01 15:10:58,973 [Worker-10: Import Getting Started Content] INFO  o.e.m.j.i.AbstractJavaProjectConfigurator - Adding source folder /ratings-data-service/src/main/java
2020-05-01 15:10:58,974 [Worker-10: Import Getting Started Content] INFO  o.e.m.j.i.AbstractJavaProjectConfigurator - Adding resource folder /ratings-data-service/src/main/resources
2020-05-01 15:10:58,976 [Worker-10: Import Getting Started Content] INFO  o.e.m.j.i.AbstractJavaProjectConfigurator - Adding resource folder /ratings-data-service/src/main/resources
2020-05-01 15:10:58,997 [Worker-10: Import Getting Started Content] INFO  o.e.m.j.i.AbstractJavaProjectConfigurator - Adding source folder /ratings-data-service/src/test/java
2020-05-01 15:10:59,411 [Worker-10: Import Getting Started Content] INFO  o.e.m.c.i.p.ProjectConfigurationManager - Update completed: 2 sec
2020-05-01 15:11:00,651 [Worker-10: Building] INFO  o.e.m.c.i.embedder.EclipseLogger - Using 'UTF-8' encoding to copy filtered resources.
2020-05-01 15:11:00,652 [Worker-10: Building] INFO  o.e.m.c.i.embedder.EclipseLogger - Copying 1 resource
2020-05-01 15:11:00,654 [Worker-10: Building] INFO  o.e.m.c.i.embedder.EclipseLogger - Copying 0 resource
2020-05-01 15:11:00,657 [Worker-10: Building] INFO  o.e.m.c.i.embedder.EclipseLogger - Using 'UTF-8' encoding to copy filtered resources.
2020-05-01 15:11:00,658 [Worker-10: Building] INFO  o.e.m.c.i.embedder.EclipseLogger - skip non existing resourceDirectory D:\Capgemini\PracticalLabs\MicroServices\ratings-data-service\src\test\resources
2020-05-01 15:12:03,238 [Worker-10: Building] INFO  o.e.m.c.i.embedder.EclipseLogger - Using 'UTF-8' encoding to copy filtered resources.
2020-05-01 15:12:03,240 [Worker-10: Building] INFO  o.e.m.c.i.embedder.EclipseLogger - Copying 1 resource
2020-05-01 15:12:03,248 [Worker-10: Building] INFO  o.e.m.c.i.embedder.EclipseLogger - Copying 0 resource
2020-05-01 15:12:03,251 [Worker-10: Building] INFO  o.e.m.c.i.embedder.EclipseLogger - Using 'UTF-8' encoding to copy filtered resources.
2020-05-01 15:12:03,252 [Worker-10: Building] INFO  o.e.m.c.i.embedder.EclipseLogger - skip non existing resourceDirectory D:\Capgemini\PracticalLabs\MicroServices\ratings-data-service\src\test\resources
2020-05-01 15:16:08,621 [Worker-3: Building] INFO  o.e.m.c.i.embedder.EclipseLogger - Using 'UTF-8' encoding to copy filtered resources.
2020-05-01 15:16:08,689 [Worker-3: Building] INFO  o.e.m.c.i.embedder.EclipseLogger - Copying 1 resource
2020-05-01 15:16:08,695 [Worker-3: Building] INFO  o.e.m.c.i.embedder.EclipseLogger - Copying 0 resource
2020-05-01 15:16:08,700 [Worker-3: Building] INFO  o.e.m.c.i.embedder.EclipseLogger - Using 'UTF-8' encoding to copy filtered resources.
2020-05-01 15:16:08,701 [Worker-3: Building] INFO  o.e.m.c.i.embedder.EclipseLogger - skip non existing resourceDirectory D:\Capgemini\PracticalLabs\MicroServices\movie-catalog-service\src\test\resources
2020-05-01 15:20:08,494 [Worker-14: Building] INFO  o.e.m.c.i.embedder.EclipseLogger - Using 'UTF-8' encoding to copy filtered resources.
2020-05-01 15:20:08,496 [Worker-14: Building] INFO  o.e.m.c.i.embedder.EclipseLogger - Copying 1 resource
2020-05-01 15:20:08,501 [Worker-14: Building] INFO  o.e.m.c.i.embedder.EclipseLogger - Copying 0 resource
2020-05-01 15:20:08,508 [Worker-14: Building] INFO  o.e.m.c.i.embedder.EclipseLogger - Using 'UTF-8' encoding to copy filtered resources.
2020-05-01 15:20:08,509 [Worker-14: Building] INFO  o.e.m.c.i.embedder.EclipseLogger - skip non existing resourceDirectory D:\Capgemini\PracticalLabs\MicroServices\movie-catalog-service\src\test\resources
2020-05-01 15:28:57,668 [Worker-16: Building] INFO  o.e.m.c.i.embedder.EclipseLogger - Using 'UTF-8' encoding to copy filtered resources.
2020-05-01 15:28:57,669 [Worker-16: Building] INFO  o.e.m.c.i.embedder.EclipseLogger - Copying 1 resource
2020-05-01 15:28:57,673 [Worker-16: Building] INFO  o.e.m.c.i.embedder.EclipseLogger - Copying 0 resource
2020-05-01 15:28:57,678 [Worker-16: Building] INFO  o.e.m.c.i.embedder.EclipseLogger - Using 'UTF-8' encoding to copy filtered resources.
2020-05-01 15:28:57,678 [Worker-16: Building] INFO  o.e.m.c.i.embedder.EclipseLogger - skip non existing resourceDirectory D:\Capgemini\PracticalLabs\MicroServices\movie-catalog-service\src\test\resources
2020-05-01 15:34:25,035 [Worker-19: Building] INFO  o.e.m.c.i.embedder.EclipseLogger - Using 'UTF-8' encoding to copy filtered resources.
2020-05-01 15:34:25,036 [Worker-19: Building] INFO  o.e.m.c.i.embedder.EclipseLogger - Copying 1 resource
2020-05-01 15:34:25,040 [Worker-19: Building] INFO  o.e.m.c.i.embedder.EclipseLogger - Copying 0 resource
2020-05-01 15:34:25,044 [Worker-19: Building] INFO  o.e.m.c.i.embedder.EclipseLogger - Using 'UTF-8' encoding to copy filtered resources.
2020-05-01 15:34:25,044 [Worker-19: Building] INFO  o.e.m.c.i.embedder.EclipseLogger - skip non existing resourceDirectory D:\Capgemini\PracticalLabs\MicroServices\movie-catalog-service\src\test\resources
2020-05-01 15:45:15,126 [Worker-26: Building] INFO  o.e.m.c.i.embedder.EclipseLogger - Using 'UTF-8' encoding to copy filtered resources.
2020-05-01 15:45:15,128 [Worker-26: Building] INFO  o.e.m.c.i.embedder.EclipseLogger - Copying 1 resource
2020-05-01 15:45:15,132 [Worker-26: Building] INFO  o.e.m.c.i.embedder.EclipseLogger - Copying 0 resource
2020-05-01 15:45:15,136 [Worker-26: Building] INFO  o.e.m.c.i.embedder.EclipseLogger - Using 'UTF-8' encoding to copy filtered resources.
2020-05-01 15:45:15,136 [Worker-26: Building] INFO  o.e.m.c.i.embedder.EclipseLogger - skip non existing resourceDirectory D:\Capgemini\PracticalLabs\MicroServices\movie-catalog-service\src\test\resources
2020-05-01 15:47:55,287 [Worker-31: Building] INFO  o.e.m.c.i.embedder.EclipseLogger - Using 'UTF-8' encoding to copy filtered resources.
2020-05-01 15:47:55,288 [Worker-31: Building] INFO  o.e.m.c.i.embedder.EclipseLogger - Copying 1 resource
2020-05-01 15:47:55,292 [Worker-31: Building] INFO  o.e.m.c.i.embedder.EclipseLogger - Copying 0 resource
2020-05-01 15:47:55,296 [Worker-31: Building] INFO  o.e.m.c.i.embedder.EclipseLogger - Using 'UTF-8' encoding to copy filtered resources.
2020-05-01 15:47:55,296 [Worker-31: Building] INFO  o.e.m.c.i.embedder.EclipseLogger - skip non existing resourceDirectory D:\Capgemini\PracticalLabs\MicroServices\movie-catalog-service\src\test\resources
2020-05-01 15:49:21,138 [Worker-26: Building] INFO  o.e.m.c.i.embedder.EclipseLogger - Using 'UTF-8' encoding to copy filtered resources.
2020-05-01 15:49:21,140 [Worker-26: Building] INFO  o.e.m.c.i.embedder.EclipseLogger - Copying 1 resource
2020-05-01 15:49:21,146 [Worker-26: Building] INFO  o.e.m.c.i.embedder.EclipseLogger - Copying 0 resource
2020-05-01 15:49:21,154 [Worker-26: Building] INFO  o.e.m.c.i.embedder.EclipseLogger - Using 'UTF-8' encoding to copy filtered resources.
2020-05-01 15:49:21,154 [Worker-26: Building] INFO  o.e.m.c.i.embedder.EclipseLogger - skip non existing resourceDirectory D:\Capgemini\PracticalLabs\MicroServices\movie-catalog-service\src\test\resources
2020-05-01 15:55:44,321 [Worker-33: Building] INFO  o.e.m.c.i.embedder.EclipseLogger - Using 'UTF-8' encoding to copy filtered resources.
2020-05-01 15:55:44,324 [Worker-33: Building] INFO  o.e.m.c.i.embedder.EclipseLogger - Copying 1 resource
2020-05-01 15:55:44,328 [Worker-33: Building] INFO  o.e.m.c.i.embedder.EclipseLogger - Copying 0 resource
2020-05-01 15:55:44,333 [Worker-33: Building] INFO  o.e.m.c.i.embedder.EclipseLogger - Using 'UTF-8' encoding to copy filtered resources.
2020-05-01 15:55:44,333 [Worker-33: Building] INFO  o.e.m.c.i.embedder.EclipseLogger - skip non existing resourceDirectory D:\Capgemini\PracticalLabs\MicroServices\movie-catalog-service\src\test\resources
2020-05-01 16:02:47,057 [Worker-37: Building] INFO  o.e.m.c.i.embedder.EclipseLogger - Using 'UTF-8' encoding to copy filtered resources.
2020-05-01 16:02:47,058 [Worker-37: Building] INFO  o.e.m.c.i.embedder.EclipseLogger - Copying 1 resource
2020-05-01 16:02:47,067 [Worker-37: Building] INFO  o.e.m.c.i.embedder.EclipseLogger - Copying 0 resource
2020-05-01 16:02:47,071 [Worker-37: Building] INFO  o.e.m.c.i.embedder.EclipseLogger - Using 'UTF-8' encoding to copy filtered resources.
2020-05-01 16:02:47,072 [Worker-37: Building] INFO  o.e.m.c.i.embedder.EclipseLogger - skip non existing resourceDirectory D:\Capgemini\PracticalLabs\MicroServices\movie-catalog-service\src\test\resources
2020-05-01 16:06:49,633 [Worker-35: Building] INFO  o.e.m.c.i.embedder.EclipseLogger - Using 'UTF-8' encoding to copy filtered resources.
2020-05-01 16:06:49,634 [Worker-35: Building] INFO  o.e.m.c.i.embedder.EclipseLogger - Copying 1 resource
2020-05-01 16:06:49,638 [Worker-35: Building] INFO  o.e.m.c.i.embedder.EclipseLogger - Copying 0 resource
2020-05-01 16:06:49,644 [Worker-35: Building] INFO  o.e.m.c.i.embedder.EclipseLogger - Using 'UTF-8' encoding to copy filtered resources.
2020-05-01 16:06:49,645 [Worker-35: Building] INFO  o.e.m.c.i.embedder.EclipseLogger - skip non existing resourceDirectory D:\Capgemini\PracticalLabs\MicroServices\movie-catalog-service\src\test\resources
2020-05-01 16:30:31,887 [Worker-50: Building] INFO  o.e.m.c.i.embedder.EclipseLogger - Using 'UTF-8' encoding to copy filtered resources.
2020-05-01 16:30:31,889 [Worker-50: Building] INFO  o.e.m.c.i.embedder.EclipseLogger - Copying 1 resource
2020-05-01 16:30:31,905 [Worker-50: Building] INFO  o.e.m.c.i.embedder.EclipseLogger - Copying 0 resource
2020-05-01 16:30:31,908 [Worker-50: Building] INFO  o.e.m.c.i.embedder.EclipseLogger - Using 'UTF-8' encoding to copy filtered resources.
2020-05-01 16:30:31,908 [Worker-50: Building] INFO  o.e.m.c.i.embedder.EclipseLogger - skip non existing resourceDirectory D:\Capgemini\PracticalLabs\MicroServices\movie-info-service\src\test\resources
2020-05-01 16:31:46,901 [Worker-50: Building] INFO  o.e.m.c.i.embedder.EclipseLogger - Using 'UTF-8' encoding to copy filtered resources.
2020-05-01 16:31:46,903 [Worker-50: Building] INFO  o.e.m.c.i.embedder.EclipseLogger - Copying 1 resource
2020-05-01 16:31:46,906 [Worker-50: Building] INFO  o.e.m.c.i.embedder.EclipseLogger - Copying 0 resource
2020-05-01 16:31:46,911 [Worker-50: Building] INFO  o.e.m.c.i.embedder.EclipseLogger - Using 'UTF-8' encoding to copy filtered resources.
2020-05-01 16:31:46,912 [Worker-50: Building] INFO  o.e.m.c.i.embedder.EclipseLogger - skip non existing resourceDirectory D:\Capgemini\PracticalLabs\MicroServices\movie-info-service\src\test\resources
2020-05-01 16:36:02,076 [Worker-54: Building] INFO  o.e.m.c.i.embedder.EclipseLogger - Using 'UTF-8' encoding to copy filtered resources.
2020-05-01 16:36:02,077 [Worker-54: Building] INFO  o.e.m.c.i.embedder.EclipseLogger - Copying 1 resource
2020-05-01 16:36:02,080 [Worker-54: Building] INFO  o.e.m.c.i.embedder.EclipseLogger - Copying 0 resource
2020-05-01 16:36:02,083 [Worker-54: Building] INFO  o.e.m.c.i.embedder.EclipseLogger - Using 'UTF-8' encoding to copy filtered resources.
2020-05-01 16:36:02,083 [Worker-54: Building] INFO  o.e.m.c.i.embedder.EclipseLogger - skip non existing resourceDirectory D:\Capgemini\PracticalLabs\MicroServices\movie-info-service\src\test\resources
2020-05-01 16:36:17,902 [Worker-56: Building] INFO  o.e.m.c.i.embedder.EclipseLogger - Using 'UTF-8' encoding to copy filtered resources.
2020-05-01 16:36:17,903 [Worker-56: Building] INFO  o.e.m.c.i.embedder.EclipseLogger - Copying 1 resource
2020-05-01 16:36:17,905 [Worker-56: Building] INFO  o.e.m.c.i.embedder.EclipseLogger - Copying 0 resource
2020-05-01 16:36:17,908 [Worker-56: Building] INFO  o.e.m.c.i.embedder.EclipseLogger - Using 'UTF-8' encoding to copy filtered resources.
2020-05-01 16:36:17,909 [Worker-56: Building] INFO  o.e.m.c.i.embedder.EclipseLogger - skip non existing resourceDirectory D:\Capgemini\PracticalLabs\MicroServices\movie-info-service\src\test\resources
2020-05-01 16:39:59,692 [Worker-57: Building] INFO  o.e.m.c.i.embedder.EclipseLogger - Using 'UTF-8' encoding to copy filtered resources.
2020-05-01 16:39:59,693 [Worker-57: Building] INFO  o.e.m.c.i.embedder.EclipseLogger - Copying 1 resource
2020-05-01 16:39:59,695 [Worker-57: Building] INFO  o.e.m.c.i.embedder.EclipseLogger - Copying 0 resource
2020-05-01 16:39:59,698 [Worker-57: Building] INFO  o.e.m.c.i.embedder.EclipseLogger - Using 'UTF-8' encoding to copy filtered resources.
2020-05-01 16:39:59,698 [Worker-57: Building] INFO  o.e.m.c.i.embedder.EclipseLogger - skip non existing resourceDirectory D:\Capgemini\PracticalLabs\MicroServices\movie-info-service\src\test\resources
2020-05-01 16:46:06,406 [Worker-55: Launching MovieInfoServiceApplication] INFO  o.e.m.c.i.embedder.EclipseLogger - Using 'UTF-8' encoding to copy filtered resources.
2020-05-01 16:46:06,407 [Worker-55: Launching MovieInfoServiceApplication] INFO  o.e.m.c.i.embedder.EclipseLogger - Copying 1 resource
2020-05-01 16:46:06,411 [Worker-55: Launching MovieInfoServiceApplication] INFO  o.e.m.c.i.embedder.EclipseLogger - Copying 0 resource
2020-05-01 16:46:06,415 [Worker-55: Launching MovieInfoServiceApplication] INFO  o.e.m.c.i.embedder.EclipseLogger - Using 'UTF-8' encoding to copy filtered resources.
2020-05-01 16:46:06,415 [Worker-55: Launching MovieInfoServiceApplication] INFO  o.e.m.c.i.embedder.EclipseLogger - skip non existing resourceDirectory D:\Capgemini\PracticalLabs\MicroServices\movie-info-service\src\test\resources
2020-05-01 16:48:32,153 [Worker-65: Building] INFO  o.e.m.c.i.embedder.EclipseLogger - Using 'UTF-8' encoding to copy filtered resources.
2020-05-01 16:48:32,154 [Worker-65: Building] INFO  o.e.m.c.i.embedder.EclipseLogger - Copying 1 resource
2020-05-01 16:48:32,216 [Worker-65: Building] INFO  o.e.m.c.i.embedder.EclipseLogger - Copying 0 resource
2020-05-01 16:48:32,219 [Worker-65: Building] INFO  o.e.m.c.i.embedder.EclipseLogger - Using 'UTF-8' encoding to copy filtered resources.
2020-05-01 16:48:32,220 [Worker-65: Building] INFO  o.e.m.c.i.embedder.EclipseLogger - skip non existing resourceDirectory D:\Capgemini\PracticalLabs\MicroServices\ratings-data-service\src\test\resources
2020-05-01 16:48:46,892 [Worker-59: Building] INFO  o.e.m.c.i.embedder.EclipseLogger - Using 'UTF-8' encoding to copy filtered resources.
2020-05-01 16:48:46,893 [Worker-59: Building] INFO  o.e.m.c.i.embedder.EclipseLogger - Copying 1 resource
2020-05-01 16:48:46,897 [Worker-59: Building] INFO  o.e.m.c.i.embedder.EclipseLogger - Copying 0 resource
2020-05-01 16:48:46,899 [Worker-59: Building] INFO  o.e.m.c.i.embedder.EclipseLogger - Using 'UTF-8' encoding to copy filtered resources.
2020-05-01 16:48:46,900 [Worker-59: Building] INFO  o.e.m.c.i.embedder.EclipseLogger - skip non existing resourceDirectory D:\Capgemini\PracticalLabs\MicroServices\ratings-data-service\src\test\resources
2020-05-01 16:48:58,773 [Worker-65: Building] INFO  o.e.m.c.i.embedder.EclipseLogger - Using 'UTF-8' encoding to copy filtered resources.
2020-05-01 16:48:58,774 [Worker-65: Building] INFO  o.e.m.c.i.embedder.EclipseLogger - Copying 1 resource
2020-05-01 16:48:58,779 [Worker-65: Building] INFO  o.e.m.c.i.embedder.EclipseLogger - Copying 0 resource
2020-05-01 16:48:58,781 [Worker-65: Building] INFO  o.e.m.c.i.embedder.EclipseLogger - Using 'UTF-8' encoding to copy filtered resources.
2020-05-01 16:48:58,781 [Worker-65: Building] INFO  o.e.m.c.i.embedder.EclipseLogger - skip non existing resourceDirectory D:\Capgemini\PracticalLabs\MicroServices\ratings-data-service\src\test\resources
2020-05-01 16:49:14,745 [Worker-64: Building] INFO  o.e.m.c.i.embedder.EclipseLogger - Using 'UTF-8' encoding to copy filtered resources.
2020-05-01 16:49:14,749 [Worker-64: Building] INFO  o.e.m.c.i.embedder.EclipseLogger - Copying 1 resource
2020-05-01 16:49:14,754 [Worker-64: Building] INFO  o.e.m.c.i.embedder.EclipseLogger - Copying 0 resource
2020-05-01 16:49:14,757 [Worker-64: Building] INFO  o.e.m.c.i.embedder.EclipseLogger - Using 'UTF-8' encoding to copy filtered resources.
2020-05-01 16:49:14,757 [Worker-64: Building] INFO  o.e.m.c.i.embedder.EclipseLogger - skip non existing resourceDirectory D:\Capgemini\PracticalLabs\MicroServices\ratings-data-service\src\test\resources
2020-05-01 16:52:33,204 [Worker-64: Building] INFO  o.e.m.c.i.embedder.EclipseLogger - Using 'UTF-8' encoding to copy filtered resources.
2020-05-01 16:52:33,205 [Worker-64: Building] INFO  o.e.m.c.i.embedder.EclipseLogger - Copying 1 resource
2020-05-01 16:52:33,208 [Worker-64: Building] INFO  o.e.m.c.i.embedder.EclipseLogger - Copying 0 resource
2020-05-01 16:52:33,211 [Worker-64: Building] INFO  o.e.m.c.i.embedder.EclipseLogger - Using 'UTF-8' encoding to copy filtered resources.
2020-05-01 16:52:33,211 [Worker-64: Building] INFO  o.e.m.c.i.embedder.EclipseLogger - skip non existing resourceDirectory D:\Capgemini\PracticalLabs\MicroServices\ratings-data-service\src\test\resources
2020-05-01 16:59:18,833 [Worker-69: Building] INFO  o.e.m.c.i.embedder.EclipseLogger - Using 'UTF-8' encoding to copy filtered resources.
2020-05-01 16:59:18,834 [Worker-69: Building] INFO  o.e.m.c.i.embedder.EclipseLogger - Copying 1 resource
2020-05-01 16:59:18,838 [Worker-69: Building] INFO  o.e.m.c.i.embedder.EclipseLogger - Copying 0 resource
2020-05-01 16:59:18,841 [Worker-69: Building] INFO  o.e.m.c.i.embedder.EclipseLogger - Using 'UTF-8' encoding to copy filtered resources.
2020-05-01 16:59:18,841 [Worker-69: Building] INFO  o.e.m.c.i.embedder.EclipseLogger - skip non existing resourceDirectory D:\Capgemini\PracticalLabs\MicroServices\ratings-data-service\src\test\resources
2020-05-01 16:59:39,111 [Worker-68: Building] INFO  o.e.m.c.i.embedder.EclipseLogger - Using 'UTF-8' encoding to copy filtered resources.
2020-05-01 16:59:39,112 [Worker-68: Building] INFO  o.e.m.c.i.embedder.EclipseLogger - Copying 1 resource
2020-05-01 16:59:39,116 [Worker-68: Building] INFO  o.e.m.c.i.embedder.EclipseLogger - Copying 0 resource
2020-05-01 16:59:39,119 [Worker-68: Building] INFO  o.e.m.c.i.embedder.EclipseLogger - Using 'UTF-8' encoding to copy filtered resources.
2020-05-01 16:59:39,120 [Worker-68: Building] INFO  o.e.m.c.i.embedder.EclipseLogger - skip non existing resourceDirectory D:\Capgemini\PracticalLabs\MicroServices\ratings-data-service\src\test\resources
2020-05-01 17:00:06,414 [Worker-66: Building] INFO  o.e.m.c.i.embedder.EclipseLogger - Using 'UTF-8' encoding to copy filtered resources.
2020-05-01 17:00:06,415 [Worker-66: Building] INFO  o.e.m.c.i.embedder.EclipseLogger - Copying 1 resource
2020-05-01 17:00:06,418 [Worker-66: Building] INFO  o.e.m.c.i.embedder.EclipseLogger - Copying 0 resource
2020-05-01 17:00:06,421 [Worker-66: Building] INFO  o.e.m.c.i.embedder.EclipseLogger - Using 'UTF-8' encoding to copy filtered resources.
2020-05-01 17:00:06,421 [Worker-66: Building] INFO  o.e.m.c.i.embedder.EclipseLogger - skip non existing resourceDirectory D:\Capgemini\PracticalLabs\MicroServices\ratings-data-service\src\test\resources
2020-05-01 17:01:16,430 [Worker-71: Launching RatingsDataServiceApplication] INFO  o.e.m.c.i.embedder.EclipseLogger - Using 'UTF-8' encoding to copy filtered resources.
2020-05-01 17:01:16,431 [Worker-71: Launching RatingsDataServiceApplication] INFO  o.e.m.c.i.embedder.EclipseLogger - Copying 1 resource
2020-05-01 17:01:16,446 [Worker-71: Launching RatingsDataServiceApplication] INFO  o.e.m.c.i.embedder.EclipseLogger - Copying 0 resource
2020-05-01 17:01:16,450 [Worker-71: Launching RatingsDataServiceApplication] INFO  o.e.m.c.i.embedder.EclipseLogger - Using 'UTF-8' encoding to copy filtered resources.
2020-05-01 17:01:16,450 [Worker-71: Launching RatingsDataServiceApplication] INFO  o.e.m.c.i.embedder.EclipseLogger - skip non existing resourceDirectory D:\Capgemini\PracticalLabs\MicroServices\ratings-data-service\src\test\resources
2020-05-01 17:05:27,050 [Worker-72: Building] INFO  o.e.m.c.i.embedder.EclipseLogger - Using 'UTF-8' encoding to copy filtered resources.
2020-05-01 17:05:27,050 [Worker-72: Building] INFO  o.e.m.c.i.embedder.EclipseLogger - Copying 1 resource
2020-05-01 17:05:27,053 [Worker-72: Building] INFO  o.e.m.c.i.embedder.EclipseLogger - Copying 0 resource
2020-05-01 17:05:27,055 [Worker-72: Building] INFO  o.e.m.c.i.embedder.EclipseLogger - Using 'UTF-8' encoding to copy filtered resources.
2020-05-01 17:05:27,055 [Worker-72: Building] INFO  o.e.m.c.i.embedder.EclipseLogger - skip non existing resourceDirectory D:\Capgemini\PracticalLabs\MicroServices\ratings-data-service\src\test\resources
2020-05-01 17:16:31,374 [Worker-76: Building] INFO  o.e.m.c.i.embedder.EclipseLogger - Using 'UTF-8' encoding to copy filtered resources.
2020-05-01 17:16:31,376 [Worker-76: Building] INFO  o.e.m.c.i.embedder.EclipseLogger - Copying 1 resource
2020-05-01 17:16:31,380 [Worker-76: Building] INFO  o.e.m.c.i.embedder.EclipseLogger - Copying 0 resource
2020-05-01 17:16:31,384 [Worker-76: Building] INFO  o.e.m.c.i.embedder.EclipseLogger - Using 'UTF-8' encoding to copy filtered resources.
2020-05-01 17:16:31,385 [Worker-76: Building] INFO  o.e.m.c.i.embedder.EclipseLogger - skip non existing resourceDirectory D:\Capgemini\PracticalLabs\MicroServices\movie-catalog-service\src\test\resources
2020-05-01 17:19:39,004 [Worker-78: Building] INFO  o.e.m.c.i.embedder.EclipseLogger - Using 'UTF-8' encoding to copy filtered resources.
2020-05-01 17:19:39,004 [Worker-78: Building] INFO  o.e.m.c.i.embedder.EclipseLogger - Copying 1 resource
2020-05-01 17:19:39,007 [Worker-78: Building] INFO  o.e.m.c.i.embedder.EclipseLogger - Copying 0 resource
2020-05-01 17:19:39,010 [Worker-78: Building] INFO  o.e.m.c.i.embedder.EclipseLogger - Using 'UTF-8' encoding to copy filtered resources.
2020-05-01 17:19:39,010 [Worker-78: Building] INFO  o.e.m.c.i.embedder.EclipseLogger - skip non existing resourceDirectory D:\Capgemini\PracticalLabs\MicroServices\ratings-data-service\src\test\resources
2020-05-01 17:31:30,645 [Worker-86: Building Workspace] INFO  o.e.m.c.i.embedder.EclipseLogger - Using 'UTF-8' encoding to copy filtered resources.
2020-05-01 17:31:30,646 [Worker-86: Building Workspace] INFO  o.e.m.c.i.embedder.EclipseLogger - Copying 1 resource
2020-05-01 17:31:30,651 [Worker-86: Building Workspace] INFO  o.e.m.c.i.embedder.EclipseLogger - Copying 0 resource
2020-05-01 17:31:30,655 [Worker-86: Building Workspace] INFO  o.e.m.c.i.embedder.EclipseLogger - Using 'UTF-8' encoding to copy filtered resources.
2020-05-01 17:31:30,655 [Worker-86: Building Workspace] INFO  o.e.m.c.i.embedder.EclipseLogger - skip non existing resourceDirectory D:\Capgemini\PracticalLabs\MicroServices\movie-catalog-service\src\test\resources
2020-05-01 17:50:21,599 [Worker-89: Building] INFO  o.e.m.c.i.embedder.EclipseLogger - Using 'UTF-8' encoding to copy filtered resources.
2020-05-01 17:50:21,599 [Worker-89: Building] INFO  o.e.m.c.i.embedder.EclipseLogger - Copying 1 resource
2020-05-01 17:50:21,601 [Worker-89: Building] INFO  o.e.m.c.i.embedder.EclipseLogger - Copying 0 resource
2020-05-01 17:50:21,603 [Worker-89: Building] INFO  o.e.m.c.i.embedder.EclipseLogger - Using 'UTF-8' encoding to copy filtered resources.
2020-05-01 17:50:21,603 [Worker-89: Building] INFO  o.e.m.c.i.embedder.EclipseLogger - skip non existing resourceDirectory D:\Capgemini\PracticalLabs\MicroServices\movie-catalog-service\src\test\resources
2020-05-01 18:00:20,669 [Worker-98: Building Workspace] INFO  o.e.m.c.i.embedder.EclipseLogger - Using 'UTF-8' encoding to copy filtered resources.
2020-05-01 18:00:20,670 [Worker-98: Building Workspace] INFO  o.e.m.c.i.embedder.EclipseLogger - Copying 1 resource
2020-05-01 18:00:20,674 [Worker-98: Building Workspace] INFO  o.e.m.c.i.embedder.EclipseLogger - Copying 0 resource
2020-05-01 18:00:20,688 [Worker-98: Building Workspace] INFO  o.e.m.c.i.embedder.EclipseLogger - Using 'UTF-8' encoding to copy filtered resources.
2020-05-01 18:00:20,688 [Worker-98: Building Workspace] INFO  o.e.m.c.i.embedder.EclipseLogger - skip non existing resourceDirectory D:\Capgemini\PracticalLabs\MicroServices\movie-catalog-service\src\test\resources
2020-05-01 18:20:22,279 [Worker-90: Building] INFO  o.e.m.c.i.embedder.EclipseLogger - Using 'UTF-8' encoding to copy filtered resources.
2020-05-01 18:20:22,281 [Worker-90: Building] INFO  o.e.m.c.i.embedder.EclipseLogger - Copying 1 resource
2020-05-01 18:20:22,284 [Worker-90: Building] INFO  o.e.m.c.i.embedder.EclipseLogger - Copying 0 resource
2020-05-01 18:20:22,289 [Worker-90: Building] INFO  o.e.m.c.i.embedder.EclipseLogger - Using 'UTF-8' encoding to copy filtered resources.
2020-05-01 18:20:22,289 [Worker-90: Building] INFO  o.e.m.c.i.embedder.EclipseLogger - skip non existing resourceDirectory D:\Capgemini\PracticalLabs\MicroServices\movie-catalog-service\src\test\resources
2020-05-01 18:25:49,191 [Worker-111: Launching MovieCatalogServiceApplication] INFO  o.e.m.c.i.embedder.EclipseLogger - Using 'UTF-8' encoding to copy filtered resources.
2020-05-01 18:25:49,193 [Worker-111: Launching MovieCatalogServiceApplication] INFO  o.e.m.c.i.embedder.EclipseLogger - Copying 1 resource
2020-05-01 18:25:49,196 [Worker-111: Launching MovieCatalogServiceApplication] INFO  o.e.m.c.i.embedder.EclipseLogger - Copying 0 resource
2020-05-01 18:25:49,199 [Worker-111: Launching MovieCatalogServiceApplication] INFO  o.e.m.c.i.embedder.EclipseLogger - Using 'UTF-8' encoding to copy filtered resources.
2020-05-01 18:25:49,199 [Worker-111: Launching MovieCatalogServiceApplication] INFO  o.e.m.c.i.embedder.EclipseLogger - skip non existing resourceDirectory D:\Capgemini\PracticalLabs\MicroServices\movie-catalog-service\src\test\resources
2020-05-01 18:27:40,400 [Worker-89: Launching MovieCatalogServiceApplication] INFO  o.e.m.c.i.embedder.EclipseLogger - Using 'UTF-8' encoding to copy filtered resources.
2020-05-01 18:27:40,401 [Worker-89: Launching MovieCatalogServiceApplication] INFO  o.e.m.c.i.embedder.EclipseLogger - Copying 1 resource
2020-05-01 18:27:40,404 [Worker-89: Launching MovieCatalogServiceApplication] INFO  o.e.m.c.i.embedder.EclipseLogger - Copying 0 resource
2020-05-01 18:27:40,407 [Worker-89: Launching MovieCatalogServiceApplication] INFO  o.e.m.c.i.embedder.EclipseLogger - Using 'UTF-8' encoding to copy filtered resources.
2020-05-01 18:27:40,407 [Worker-89: Launching MovieCatalogServiceApplication] INFO  o.e.m.c.i.embedder.EclipseLogger - skip non existing resourceDirectory D:\Capgemini\PracticalLabs\MicroServices\movie-catalog-service\src\test\resources
2020-05-01 18:31:41,144 [Worker-90: Launching MovieCatalogServiceApplication] INFO  o.e.m.c.i.embedder.EclipseLogger - Using 'UTF-8' encoding to copy filtered resources.
2020-05-01 18:31:41,145 [Worker-90: Launching MovieCatalogServiceApplication] INFO  o.e.m.c.i.embedder.EclipseLogger - Copying 1 resource
2020-05-01 18:31:41,148 [Worker-90: Launching MovieCatalogServiceApplication] INFO  o.e.m.c.i.embedder.EclipseLogger - Copying 0 resource
2020-05-01 18:31:41,151 [Worker-90: Launching MovieCatalogServiceApplication] INFO  o.e.m.c.i.embedder.EclipseLogger - Using 'UTF-8' encoding to copy filtered resources.
2020-05-01 18:31:41,152 [Worker-90: Launching MovieCatalogServiceApplication] INFO  o.e.m.c.i.embedder.EclipseLogger - skip non existing resourceDirectory D:\Capgemini\PracticalLabs\MicroServices\movie-catalog-service\src\test\resources
2020-05-01 18:33:53,738 [Worker-111: Launching MovieCatalogServiceApplication] INFO  o.e.m.c.i.embedder.EclipseLogger - Using 'UTF-8' encoding to copy filtered resources.
2020-05-01 18:33:53,739 [Worker-111: Launching MovieCatalogServiceApplication] INFO  o.e.m.c.i.embedder.EclipseLogger - Copying 1 resource
2020-05-01 18:33:53,741 [Worker-111: Launching MovieCatalogServiceApplication] INFO  o.e.m.c.i.embedder.EclipseLogger - Copying 0 resource
2020-05-01 18:33:53,744 [Worker-111: Launching MovieCatalogServiceApplication] INFO  o.e.m.c.i.embedder.EclipseLogger - Using 'UTF-8' encoding to copy filtered resources.
2020-05-01 18:33:53,744 [Worker-111: Launching MovieCatalogServiceApplication] INFO  o.e.m.c.i.embedder.EclipseLogger - skip non existing resourceDirectory D:\Capgemini\PracticalLabs\MicroServices\movie-catalog-service\src\test\resources
2020-05-01 18:44:45,343 [Worker-118: Launching MovieCatalogServiceApplication] INFO  o.e.m.c.i.embedder.EclipseLogger - Using 'UTF-8' encoding to copy filtered resources.
2020-05-01 18:44:45,344 [Worker-118: Launching MovieCatalogServiceApplication] INFO  o.e.m.c.i.embedder.EclipseLogger - Copying 1 resource
2020-05-01 18:44:45,348 [Worker-118: Launching MovieCatalogServiceApplication] INFO  o.e.m.c.i.embedder.EclipseLogger - Copying 0 resource
2020-05-01 18:44:45,351 [Worker-118: Launching MovieCatalogServiceApplication] INFO  o.e.m.c.i.embedder.EclipseLogger - Using 'UTF-8' encoding to copy filtered resources.
2020-05-01 18:44:45,351 [Worker-118: Launching MovieCatalogServiceApplication] INFO  o.e.m.c.i.embedder.EclipseLogger - skip non existing resourceDirectory D:\Capgemini\PracticalLabs\MicroServices\movie-catalog-service\src\test\resources
2020-05-01 19:53:11,818 [Worker-1: Loading available Gradle versions] INFO  o.e.b.c.i.u.g.PublishedGradleVersions - Gradle version information cache is up-to-date. Trying to read.
2020-05-01 20:05:29,323 [Worker-14: Building] INFO  o.e.m.c.i.embedder.EclipseLogger - Using 'UTF-8' encoding to copy filtered resources.
2020-05-01 20:05:29,336 [Worker-14: Building] INFO  o.e.m.c.i.embedder.EclipseLogger - Copying 1 resource
2020-05-01 20:05:29,383 [Worker-14: Building] INFO  o.e.m.c.i.embedder.EclipseLogger - Copying 0 resource
2020-05-01 20:05:29,387 [Worker-14: Building] INFO  o.e.m.c.i.embedder.EclipseLogger - Using 'UTF-8' encoding to copy filtered resources.
2020-05-01 20:05:29,387 [Worker-14: Building] INFO  o.e.m.c.i.embedder.EclipseLogger - skip non existing resourceDirectory D:\Capgemini\PracticalLabs\MicroServices\movie-catalog-service\src\test\resources
2020-05-01 20:29:44,848 [Worker-21: Building] INFO  o.e.m.c.i.embedder.EclipseLogger - Using 'UTF-8' encoding to copy filtered resources.
2020-05-01 20:29:44,864 [Worker-21: Building] INFO  o.e.m.c.i.embedder.EclipseLogger - Copying 1 resource
2020-05-01 20:29:44,868 [Worker-21: Building] INFO  o.e.m.c.i.embedder.EclipseLogger - Copying 0 resource
2020-05-01 20:29:44,872 [Worker-21: Building] INFO  o.e.m.c.i.embedder.EclipseLogger - Using 'UTF-8' encoding to copy filtered resources.
2020-05-01 20:29:44,873 [Worker-21: Building] INFO  o.e.m.c.i.embedder.EclipseLogger - skip non existing resourceDirectory D:\Capgemini\PracticalLabs\MicroServices\movie-catalog-service\src\test\resources
2020-05-01 20:37:13,553 [Worker-27: Building] INFO  o.e.m.c.i.embedder.EclipseLogger - Using 'UTF-8' encoding to copy filtered resources.
2020-05-01 20:37:13,554 [Worker-27: Building] INFO  o.e.m.c.i.embedder.EclipseLogger - Copying 1 resource
2020-05-01 20:37:13,558 [Worker-27: Building] INFO  o.e.m.c.i.embedder.EclipseLogger - Copying 0 resource
2020-05-01 20:37:13,561 [Worker-27: Building] INFO  o.e.m.c.i.embedder.EclipseLogger - Using 'UTF-8' encoding to copy filtered resources.
2020-05-01 20:37:13,562 [Worker-27: Building] INFO  o.e.m.c.i.embedder.EclipseLogger - skip non existing resourceDirectory D:\Capgemini\PracticalLabs\MicroServices\movie-catalog-service\src\test\resources
2020-05-01 20:37:39,116 [Worker-28: Launching MovieCatalogServiceApplication] INFO  o.e.m.c.i.embedder.EclipseLogger - Using 'UTF-8' encoding to copy filtered resources.
2020-05-01 20:37:39,117 [Worker-28: Launching MovieCatalogServiceApplication] INFO  o.e.m.c.i.embedder.EclipseLogger - Copying 1 resource
2020-05-01 20:37:39,138 [Worker-28: Launching MovieCatalogServiceApplication] INFO  o.e.m.c.i.embedder.EclipseLogger - Copying 0 resource
2020-05-01 20:37:39,144 [Worker-28: Launching MovieCatalogServiceApplication] INFO  o.e.m.c.i.embedder.EclipseLogger - Using 'UTF-8' encoding to copy filtered resources.
2020-05-01 20:37:39,145 [Worker-28: Launching MovieCatalogServiceApplication] INFO  o.e.m.c.i.embedder.EclipseLogger - skip non existing resourceDirectory D:\Capgemini\PracticalLabs\MicroServices\movie-catalog-service\src\test\resources
2020-05-01 20:53:47,142 [Worker-33: Building] INFO  o.e.m.c.i.embedder.EclipseLogger - Using 'UTF-8' encoding to copy filtered resources.
2020-05-01 20:53:47,145 [Worker-33: Building] INFO  o.e.m.c.i.embedder.EclipseLogger - Copying 1 resource
2020-05-01 20:53:47,153 [Worker-33: Building] INFO  o.e.m.c.i.embedder.EclipseLogger - Copying 0 resource
2020-05-01 20:53:47,162 [Worker-33: Building] INFO  o.e.m.c.i.embedder.EclipseLogger - Using 'UTF-8' encoding to copy filtered resources.
2020-05-01 20:53:47,162 [Worker-33: Building] INFO  o.e.m.c.i.embedder.EclipseLogger - skip non existing resourceDirectory D:\Capgemini\PracticalLabs\MicroServices\movie-catalog-service\src\test\resources
2020-05-01 20:59:34,159 [Worker-33: Launching MovieCatalogServiceApplication] INFO  o.e.m.c.i.embedder.EclipseLogger - Using 'UTF-8' encoding to copy filtered resources.
2020-05-01 20:59:34,161 [Worker-33: Launching MovieCatalogServiceApplication] INFO  o.e.m.c.i.embedder.EclipseLogger - Copying 1 resource
2020-05-01 20:59:34,164 [Worker-33: Launching MovieCatalogServiceApplication] INFO  o.e.m.c.i.embedder.EclipseLogger - Copying 0 resource
2020-05-01 20:59:34,168 [Worker-33: Launching MovieCatalogServiceApplication] INFO  o.e.m.c.i.embedder.EclipseLogger - Using 'UTF-8' encoding to copy filtered resources.
2020-05-01 20:59:34,169 [Worker-33: Launching MovieCatalogServiceApplication] INFO  o.e.m.c.i.embedder.EclipseLogger - skip non existing resourceDirectory D:\Capgemini\PracticalLabs\MicroServices\movie-catalog-service\src\test\resources
2020-05-01 21:09:48,402 [Worker-46: Building] INFO  o.e.m.c.i.embedder.EclipseLogger - Using 'UTF-8' encoding to copy filtered resources.
2020-05-01 21:09:48,402 [Worker-46: Building] INFO  o.e.m.c.i.embedder.EclipseLogger - Copying 1 resource
2020-05-01 21:09:48,406 [Worker-46: Building] INFO  o.e.m.c.i.embedder.EclipseLogger - Copying 0 resource
2020-05-01 21:09:48,409 [Worker-46: Building] INFO  o.e.m.c.i.embedder.EclipseLogger - Using 'UTF-8' encoding to copy filtered resources.
2020-05-01 21:09:48,409 [Worker-46: Building] INFO  o.e.m.c.i.embedder.EclipseLogger - skip non existing resourceDirectory D:\Capgemini\PracticalLabs\MicroServices\ratings-data-service\src\test\resources
2020-05-01 21:11:44,575 [Worker-33: Building] INFO  o.e.m.c.i.embedder.EclipseLogger - Using 'UTF-8' encoding to copy filtered resources.
2020-05-01 21:11:44,576 [Worker-33: Building] INFO  o.e.m.c.i.embedder.EclipseLogger - Copying 1 resource
2020-05-01 21:11:44,582 [Worker-33: Building] INFO  o.e.m.c.i.embedder.EclipseLogger - Copying 0 resource
2020-05-01 21:11:44,585 [Worker-33: Building] INFO  o.e.m.c.i.embedder.EclipseLogger - Using 'UTF-8' encoding to copy filtered resources.
2020-05-01 21:11:44,586 [Worker-33: Building] INFO  o.e.m.c.i.embedder.EclipseLogger - skip non existing resourceDirectory D:\Capgemini\PracticalLabs\MicroServices\ratings-data-service\src\test\resources
